<?xml version="1.0" encoding="UTF-8"?>
<!-- Generated by org.testng.reporters.JUnitXMLReporter -->
<testsuite ignored="0" hostname="DESKTOP-HLBM2PG" failures="0" tests="4" name="Test" time="76.432" errors="0" timestamp="2022-12-14T08:44:12 IST">
  <testcase classname="com.Restaurant.Testcases.VerifyUserLoginTest" name="VerifyInvalidUserLogin" time="2.661"/>
  <testcase classname="com.Restaurant.Testcases.VerifyUserLoginTest" name="VerifyInvalidUserLogin" time="3.685"/>
  <testcase classname="com.Restaurant.Testcases.VerifyUserLoginTest" name="VerifyInvalidUserLogin" time="1.704"/>
  <testcase classname="com.Restaurant.Testcases.VerifyUserLoginTest" name="VerifyValidUserLogin" time="7.564"/>
</testsuite> <!-- Test -->
