<?xml version="1.0" encoding="UTF-8"?>
<testng-results ignored="0" total="1" passed="1" failed="0" skipped="0">
  <reporter-output>
  </reporter-output>
  <suite started-at="2022-12-07T14:10:18 IST" name="Default suite" finished-at="2022-12-07T14:10:34 IST" duration-ms="15758">
    <groups>
    </groups>
    <test started-at="2022-12-07T14:10:18 IST" name="Default test" finished-at="2022-12-07T14:10:34 IST" duration-ms="15758">
      <class name="SwagLabs.VerifyUserLogin">
        <test-method signature="UserLoginToSwagLabs()[pri:0, instance:SwagLabs.VerifyUserLogin@7c711375]" started-at="2022-12-07T14:10:18 IST" name="UserLoginToSwagLabs" finished-at="2022-12-07T14:10:34 IST" duration-ms="15651" status="PASS">
          <reporter-output>
          </reporter-output>
        </test-method> <!-- UserLoginToSwagLabs -->
      </class> <!-- SwagLabs.VerifyUserLogin -->
    </test> <!-- Default test -->
  </suite> <!-- Default suite -->
</testng-results>
