<?xml version="1.0" encoding="UTF-8"?>
<testng-results ignored="0" total="2" passed="2" failed="0" skipped="0">
  <reporter-output>
  </reporter-output>
  <suite started-at="2022-12-14T21:00:19 IST" name="Suite" finished-at="2022-12-14T21:01:59 IST" duration-ms="100095">
    <groups>
    </groups>
    <test started-at="2022-12-14T21:00:19 IST" name="Test" finished-at="2022-12-14T21:01:59 IST" duration-ms="100095">
      <class name="com.Restaurant.Testcases.VerifyAddSupplierTest">
        <test-method is-config="true" signature="beforeSuite()[pri:0, instance:com.Restaurant.Testcases.VerifyAddSupplierTest@52719fb6]" started-at="2022-12-14T21:00:18 IST" name="beforeSuite" finished-at="2022-12-14T21:00:18 IST" duration-ms="566" status="PASS">
          <reporter-output>
          </reporter-output>
        </test-method> <!-- beforeSuite -->
        <test-method is-config="true" signature="loadConfig()[pri:0, instance:com.Restaurant.Testcases.VerifyAddSupplierTest@52719fb6]" started-at="2022-12-14T21:00:19 IST" name="loadConfig" finished-at="2022-12-14T21:00:19 IST" duration-ms="1" status="PASS">
          <reporter-output>
          </reporter-output>
        </test-method> <!-- loadConfig -->
        <test-method is-config="true" signature="launchApp()[pri:0, instance:com.Restaurant.Testcases.VerifyAddSupplierTest@52719fb6]" started-at="2022-12-14T21:00:19 IST" name="launchApp" finished-at="2022-12-14T21:00:40 IST" duration-ms="21613" status="PASS">
          <reporter-output>
          </reporter-output>
        </test-method> <!-- launchApp -->
        <test-method signature="AddSupplier(java.lang.String,java.lang.String,java.lang.String,java.lang.String,java.lang.String,java.lang.String)[pri:0, instance:com.Restaurant.Testcases.VerifyAddSupplierTest@52719fb6]" started-at="2022-12-14T21:00:40 IST" name="AddSupplier" finished-at="2022-12-14T21:01:17 IST" duration-ms="36483" status="PASS">
          <params>
            <param index="0">
              <value>
                <![CDATA[Kannan]]>
              </value>
            </param>
            <param index="1">
              <value>
                <![CDATA[7560989903]]>
              </value>
            </param>
            <param index="2">
              <value>
                <![CDATA[mubeenavb001@gmail.com]]>
              </value>
            </param>
            <param index="3">
              <value>
                <![CDATA[100]]>
              </value>
            </param>
            <param index="4">
              <value>
                <![CDATA[9544124706]]>
              </value>
            </param>
            <param index="5">
              <value>
                <![CDATA[mubeenavb007@gmail.com]]>
              </value>
            </param>
          </params>
          <reporter-output>
          </reporter-output>
        </test-method> <!-- AddSupplier -->
        <test-method is-config="true" signature="AfterMethod()[pri:0, instance:com.Restaurant.Testcases.VerifyAddSupplierTest@52719fb6]" started-at="2022-12-14T21:01:17 IST" name="AfterMethod" finished-at="2022-12-14T21:01:17 IST" duration-ms="1" status="PASS">
          <reporter-output>
          </reporter-output>
        </test-method> <!-- AfterMethod -->
        <test-method is-config="true" signature="launchApp()[pri:0, instance:com.Restaurant.Testcases.VerifyAddSupplierTest@52719fb6]" started-at="2022-12-14T21:01:17 IST" name="launchApp" finished-at="2022-12-14T21:01:42 IST" duration-ms="25250" status="PASS">
          <reporter-output>
          </reporter-output>
        </test-method> <!-- launchApp -->
        <test-method signature="DeleteSupplier()[pri:0, instance:com.Restaurant.Testcases.VerifyAddSupplierTest@52719fb6]" started-at="2022-12-14T21:01:42 IST" name="DeleteSupplier" finished-at="2022-12-14T21:01:59 IST" duration-ms="16610" status="PASS">
          <reporter-output>
          </reporter-output>
        </test-method> <!-- DeleteSupplier -->
        <test-method is-config="true" signature="AfterMethod()[pri:0, instance:com.Restaurant.Testcases.VerifyAddSupplierTest@52719fb6]" started-at="2022-12-14T21:01:59 IST" name="AfterMethod" finished-at="2022-12-14T21:01:59 IST" duration-ms="1" status="PASS">
          <reporter-output>
          </reporter-output>
        </test-method> <!-- AfterMethod -->
        <test-method is-config="true" signature="Closing()[pri:0, instance:com.Restaurant.Testcases.VerifyAddSupplierTest@52719fb6]" started-at="2022-12-14T21:02:00 IST" name="Closing" finished-at="2022-12-14T21:02:01 IST" duration-ms="1767" status="PASS">
          <reporter-output>
          </reporter-output>
        </test-method> <!-- Closing -->
      </class> <!-- com.Restaurant.Testcases.VerifyAddSupplierTest -->
    </test> <!-- Test -->
  </suite> <!-- Suite -->
</testng-results>
