<?xml version="1.0" encoding="UTF-8"?>
<!-- Generated by org.testng.reporters.JUnitXMLReporter -->
<testsuite ignored="0" hostname="DESKTOP-HLBM2PG" failures="0" tests="3" name="Default test" time="159.988" errors="0" timestamp="2022-12-14T20:08:01 IST">
  <testcase classname="com.Restaurant.Testcases.VerifyEditStoreTest" name="AddingStore" time="33.461"/>
  <testcase classname="com.Restaurant.Testcases.VerifyEditStoreTest" name="AddTableInStore" time="22.851"/>
  <testcase classname="com.Restaurant.Testcases.VerifyEditStoreTest" name="DeleteStore" time="17.493"/>
</testsuite> <!-- Default test -->
