<?xml version="1.0" encoding="UTF-8"?>
<testsuite xmlns:xsi="http://www.w3.org/2001/XMLSchema-instance" xsi:noNamespaceSchemaLocation="https://maven.apache.org/surefire/maven-surefire-plugin/xsd/surefire-test-report-3.0.xsd" version="3.0" name="TestSuite" time="80.483" tests="4" errors="0" skipped="0" failures="0">
  <properties>
[...]
</properties>
  <testcase name="VerifyInvalidUserLogin[adm, password](1)" classname="com.Restaurant.Testcases.VerifyUserLoginTest" time="2.795">
    <system-out><![CDATA[log4j: reset attribute= "false".
log4j: Threshold ="null".
log4j: Level value for root is  [debug].
log4j: root level set to DEBUG
log4j: Class name: [org.apache.log4j.ConsoleAppender]
log4j: Setting property [target] to [System.out].
log4j: Parsing layout of class: "org.apache.log4j.PatternLayout"
log4j: Setting property [conversionPattern] to [%d{yyyy-MM-dd HH:mm:ss} %-5p %c{1}:%L - %m%n].
log4j: Adding appender named [console] to category [root].
log4j: Class name: [org.apache.log4j.RollingFileAppender]
log4j: Setting property [file] to [Logs/log4j.log].
log4j: Parsing layout of class: "org.apache.log4j.PatternLayout"
log4j: Setting property [conversionPattern] to [%d{yyyy-MM-dd HH:mm:ss} %-5p %c{1}:%L - %m%n].
log4j: setFile called: Logs/log4j.log, true
log4j: setFile ended
log4j: Adding appender named [fileAppender] to category [root].
2022-12-14 08:42:59 DEBUG InternalLoggerFactory:89 - Using Log4J as the default logging framework
2022-12-14 08:42:59 DEBUG ResourceLeakDetector:129 - -Dio.netty.leakDetection.level: simple
2022-12-14 08:42:59 DEBUG ResourceLeakDetector:130 - -Dio.netty.leakDetection.targetRecords: 4
2022-12-14 08:42:59 DEBUG ResourceLeakDetectorFactory:196 - Loaded default ResourceLeakDetector: io.netty.util.ResourceLeakDetector@3be4fcc0
2022-12-14 08:42:59 DEBUG PlatformDependent0:496 - -Dio.netty.noUnsafe: false
2022-12-14 08:42:59 DEBUG PlatformDependent0:1000 - Java version: 17
2022-12-14 08:42:59 DEBUG PlatformDependent0:137 - sun.misc.Unsafe.theUnsafe: available
2022-12-14 08:42:59 DEBUG PlatformDependent0:161 - sun.misc.Unsafe.copyMemory: available
2022-12-14 08:42:59 DEBUG PlatformDependent0:193 - sun.misc.Unsafe.storeFence: available
2022-12-14 08:42:59 DEBUG PlatformDependent0:236 - java.nio.Buffer.address: available
2022-12-14 08:42:59 DEBUG PlatformDependent0:320 - direct buffer constructor: unavailable: Reflective setAccessible(true) disabled
2022-12-14 08:42:59 DEBUG PlatformDependent0:385 - java.nio.Bits.unaligned: available, true
2022-12-14 08:42:59 DEBUG PlatformDependent0:452 - jdk.internal.misc.Unsafe.allocateUninitializedArray(int): unavailable: class io.netty.util.internal.PlatformDependent0$7 cannot access class jdk.internal.misc.Unsafe (in module java.base) because module java.base does not export jdk.internal.misc to unnamed module @550ee7e5
2022-12-14 08:42:59 DEBUG PlatformDependent0:482 - java.nio.DirectByteBuffer.<init>(long, int): unavailable
2022-12-14 08:42:59 DEBUG PlatformDependent:1159 - sun.misc.Unsafe: available
2022-12-14 08:42:59 DEBUG PlatformDependent:1270 - maxDirectMemory: 1040187392 bytes (maybe)
2022-12-14 08:42:59 DEBUG PlatformDependent:1289 - -Dio.netty.tmpdir: C:\Users\admin\AppData\Local\Temp (java.io.tmpdir)
2022-12-14 08:42:59 DEBUG PlatformDependent:1368 - -Dio.netty.bitMode: 64 (sun.arch.data.model)
2022-12-14 08:42:59 DEBUG PlatformDependent:1119 - Platform: Windows
2022-12-14 08:42:59 DEBUG PlatformDependent:178 - -Dio.netty.maxDirectMemory: -1 bytes
2022-12-14 08:42:59 DEBUG PlatformDependent:185 - -Dio.netty.uninitializedArrayAllocationThreshold: -1
2022-12-14 08:42:59 DEBUG CleanerJava9:71 - java.nio.ByteBuffer.cleaner(): available
2022-12-14 08:42:59 DEBUG PlatformDependent:205 - -Dio.netty.noPreferDirect: false
2022-12-14 08:42:59 DEBUG PlatformDependent:1010 - org.jctools-core.MpscChunkedArrayQueue: available
2022-12-14 08:42:59 DEBUG InternalThreadLocalMap:86 - -Dio.netty.threadLocalMap.stringBuilder.initialSize: 1024
2022-12-14 08:42:59 DEBUG InternalThreadLocalMap:89 - -Dio.netty.threadLocalMap.stringBuilder.maxSize: 4096
2022-12-14 08:42:59 DEBUG JdkSslContext:83 - Default protocols (JDK): [TLSv1.3, TLSv1.2] 
2022-12-14 08:42:59 DEBUG JdkSslContext:84 - Default cipher suites (JDK): [TLS_ECDHE_ECDSA_WITH_AES_256_GCM_SHA384, TLS_ECDHE_ECDSA_WITH_AES_128_GCM_SHA256, TLS_ECDHE_RSA_WITH_AES_128_GCM_SHA256, TLS_ECDHE_RSA_WITH_AES_256_GCM_SHA384, TLS_ECDHE_RSA_WITH_AES_128_CBC_SHA, TLS_ECDHE_RSA_WITH_AES_256_CBC_SHA, TLS_RSA_WITH_AES_128_GCM_SHA256, TLS_RSA_WITH_AES_128_CBC_SHA, TLS_RSA_WITH_AES_256_CBC_SHA, TLS_AES_128_GCM_SHA256, TLS_AES_256_GCM_SHA384]
2022-12-14 08:42:59 DEBUG MultithreadEventLoopGroup:44 - -Dio.netty.eventLoopThreads: 8
2022-12-14 08:42:59 DEBUG NioEventLoop:110 - -Dio.netty.noKeySetOptimization: false
2022-12-14 08:42:59 DEBUG NioEventLoop:111 - -Dio.netty.selectorAutoRebuildThreshold: 512
2022-12-14 08:43:00 DEBUG PooledByteBufAllocator:157 - -Dio.netty.allocator.numHeapArenas: 8
2022-12-14 08:43:00 DEBUG PooledByteBufAllocator:158 - -Dio.netty.allocator.numDirectArenas: 8
2022-12-14 08:43:00 DEBUG PooledByteBufAllocator:160 - -Dio.netty.allocator.pageSize: 8192
2022-12-14 08:43:00 DEBUG PooledByteBufAllocator:165 - -Dio.netty.allocator.maxOrder: 9
2022-12-14 08:43:00 DEBUG PooledByteBufAllocator:169 - -Dio.netty.allocator.chunkSize: 4194304
2022-12-14 08:43:00 DEBUG PooledByteBufAllocator:170 - -Dio.netty.allocator.smallCacheSize: 256
2022-12-14 08:43:00 DEBUG PooledByteBufAllocator:171 - -Dio.netty.allocator.normalCacheSize: 64
2022-12-14 08:43:00 DEBUG PooledByteBufAllocator:172 - -Dio.netty.allocator.maxCachedBufferCapacity: 32768
2022-12-14 08:43:00 DEBUG PooledByteBufAllocator:173 - -Dio.netty.allocator.cacheTrimInterval: 8192
2022-12-14 08:43:00 DEBUG PooledByteBufAllocator:174 - -Dio.netty.allocator.cacheTrimIntervalMillis: 0
2022-12-14 08:43:00 DEBUG PooledByteBufAllocator:175 - -Dio.netty.allocator.useCacheForAllThreads: false
2022-12-14 08:43:00 DEBUG PooledByteBufAllocator:176 - -Dio.netty.allocator.maxCachedByteBuffersPerChunk: 1023
2022-12-14 08:43:00 DEBUG ByteBufUtil:87 - -Dio.netty.allocator.type: pooled
2022-12-14 08:43:00 DEBUG ByteBufUtil:96 - -Dio.netty.threadLocalDirectBufferSize: 0
2022-12-14 08:43:00 DEBUG ByteBufUtil:99 - -Dio.netty.maxThreadLocalCharBufferSize: 16384
2022-12-14 08:43:01 DEBUG DefaultChannelId:79 - -Dio.netty.processId: 1944 (auto-detected)
2022-12-14 08:43:01 DEBUG NetUtil:136 - -Djava.net.preferIPv4Stack: false
2022-12-14 08:43:01 DEBUG NetUtil:137 - -Djava.net.preferIPv6Addresses: false
2022-12-14 08:43:01 DEBUG NetUtilInitializations:129 - Loopback interface: lo (Software Loopback Interface 1, 127.0.0.1)
2022-12-14 08:43:01 DEBUG NetUtil:191 - Failed to get SOMAXCONN from sysctl and file \proc\sys\net\core\somaxconn. Default: 200
2022-12-14 08:43:01 DEBUG DefaultChannelId:101 - -Dio.netty.machineId: b0:52:16:ff:fe:86:67:75 (auto-detected)
2022-12-14 08:43:01 DEBUG AbstractByteBuf:63 - -Dio.netty.buffer.checkAccessible: true
2022-12-14 08:43:01 DEBUG AbstractByteBuf:64 - -Dio.netty.buffer.checkBounds: true
2022-12-14 08:43:01 DEBUG ResourceLeakDetectorFactory:196 - Loaded default ResourceLeakDetector: io.netty.util.ResourceLeakDetector@25d95b30
2022-12-14 08:43:01 DEBUG Recycler:85 - -Dio.netty.recycler.maxCapacityPerThread: 4096
2022-12-14 08:43:01 DEBUG Recycler:86 - -Dio.netty.recycler.ratio: 8
2022-12-14 08:43:01 DEBUG Recycler:87 - -Dio.netty.recycler.chunkSize: 32
2022-12-14 08:43:01 DEBUG Recycler:88 - -Dio.netty.recycler.blocking: false
2022-12-14 08:43:04 DEBUG Brotli:38 - brotli4j not in the classpath; Brotli support will be unavailable.
2022-12-14 08:43:05 DEBUG ThreadLocalRandom:214 - -Dio.netty.initialSeedUniquifier: 0x04198459e317ae91
2022-12-14 08:43:10 INFO  Log:13 - =====================================VerifyInvalidUserLogin TEST START=========================================
Successfully entered value
Successfully entered value
Able to click on "Login button"
2022-12-14 08:43:13 INFO  Log:13 - =====================================VerifyInvalidUserLogin TEST START=========================================
]]></system-out>
    <system-err><![CDATA[SLF4J: Failed to load class "org.slf4j.impl.StaticLoggerBinder".
SLF4J: Defaulting to no-operation (NOP) logger implementation
SLF4J: See http://www.slf4j.org/codes.html#StaticLoggerBinder for further details.
Starting ChromeDriver 108.0.5359.71 (1e0e3868ee06e91ad636a874420e3ca3ae3756ac-refs/branch-heads/5359@{#1016}) on port 43308
Only local connections are allowed.
Please see https://chromedriver.chromium.org/security-considerations for suggestions on keeping ChromeDriver safe.
ChromeDriver was started successfully.
Dec 14, 2022 8:43:05 AM org.openqa.selenium.devtools.CdpVersionFinder findNearestMatch
WARNING: Unable to find an exact match for CDP version 108, so returning the closest version found: 106
]]></system-err>
  </testcase>
  <testcase name="VerifyInvalidUserLogin[admin, pass](2)" classname="com.Restaurant.Testcases.VerifyUserLoginTest" time="3.685">
    <system-out><![CDATA[2022-12-14 08:43:28 INFO  Log:13 - =====================================VerifyInvalidUserLogin TEST START=========================================
Successfully entered value
Successfully entered value
Able to click on "Login button"
2022-12-14 08:43:32 INFO  Log:13 - =====================================VerifyInvalidUserLogin TEST START=========================================
]]></system-out>
    <system-err><![CDATA[Dec 14, 2022 8:43:17 AM org.openqa.selenium.remote.http.WebSocket$Listener onError
WARNING: Connection reset
java.net.SocketException: Connection reset
	at java.base/sun.nio.ch.SocketChannelImpl.throwConnectionReset(SocketChannelImpl.java:394)
	at java.base/sun.nio.ch.SocketChannelImpl.read(SocketChannelImpl.java:426)
	at io.netty.buffer.PooledByteBuf.setBytes(PooledByteBuf.java:259)
	at io.netty.buffer.AbstractByteBuf.writeBytes(AbstractByteBuf.java:1132)
	at io.netty.channel.socket.nio.NioSocketChannel.doReadBytes(NioSocketChannel.java:357)
	at io.netty.channel.nio.AbstractNioByteChannel$NioByteUnsafe.read(AbstractNioByteChannel.java:151)
	at io.netty.channel.nio.NioEventLoop.processSelectedKey(NioEventLoop.java:788)
	at io.netty.channel.nio.NioEventLoop.processSelectedKeysOptimized(NioEventLoop.java:724)
	at io.netty.channel.nio.NioEventLoop.processSelectedKeys(NioEventLoop.java:650)
	at io.netty.channel.nio.NioEventLoop.run(NioEventLoop.java:562)
	at io.netty.util.concurrent.SingleThreadEventExecutor$4.run(SingleThreadEventExecutor.java:997)
	at io.netty.util.internal.ThreadExecutorMap$2.run(ThreadExecutorMap.java:74)
	at io.netty.util.concurrent.FastThreadLocalRunnable.run(FastThreadLocalRunnable.java:30)
	at java.base/java.lang.Thread.run(Thread.java:833)

Starting ChromeDriver 108.0.5359.71 (1e0e3868ee06e91ad636a874420e3ca3ae3756ac-refs/branch-heads/5359@{#1016}) on port 46791
Only local connections are allowed.
Please see https://chromedriver.chromium.org/security-considerations for suggestions on keeping ChromeDriver safe.
ChromeDriver was started successfully.
Dec 14, 2022 8:43:22 AM org.openqa.selenium.devtools.CdpVersionFinder findNearestMatch
WARNING: Unable to find an exact match for CDP version 108, so returning the closest version found: 106
]]></system-err>
  </testcase>
  <testcase name="VerifyInvalidUserLogin[adm, pass](3)" classname="com.Restaurant.Testcases.VerifyUserLoginTest" time="1.708">
    <system-out><![CDATA[2022-12-14 08:43:51 INFO  Log:13 - =====================================VerifyInvalidUserLogin TEST START=========================================
Successfully entered value
Successfully entered value
Able to click on "Login button"
2022-12-14 08:43:52 INFO  Log:13 - =====================================VerifyInvalidUserLogin TEST START=========================================
]]></system-out>
    <system-err><![CDATA[Dec 14, 2022 8:43:33 AM org.openqa.selenium.remote.http.WebSocket$Listener onError
WARNING: Connection reset
java.net.SocketException: Connection reset
	at java.base/sun.nio.ch.SocketChannelImpl.throwConnectionReset(SocketChannelImpl.java:394)
	at java.base/sun.nio.ch.SocketChannelImpl.read(SocketChannelImpl.java:426)
	at io.netty.buffer.PooledByteBuf.setBytes(PooledByteBuf.java:259)
	at io.netty.buffer.AbstractByteBuf.writeBytes(AbstractByteBuf.java:1132)
	at io.netty.channel.socket.nio.NioSocketChannel.doReadBytes(NioSocketChannel.java:357)
	at io.netty.channel.nio.AbstractNioByteChannel$NioByteUnsafe.read(AbstractNioByteChannel.java:151)
	at io.netty.channel.nio.NioEventLoop.processSelectedKey(NioEventLoop.java:788)
	at io.netty.channel.nio.NioEventLoop.processSelectedKeysOptimized(NioEventLoop.java:724)
	at io.netty.channel.nio.NioEventLoop.processSelectedKeys(NioEventLoop.java:650)
	at io.netty.channel.nio.NioEventLoop.run(NioEventLoop.java:562)
	at io.netty.util.concurrent.SingleThreadEventExecutor$4.run(SingleThreadEventExecutor.java:997)
	at io.netty.util.internal.ThreadExecutorMap$2.run(ThreadExecutorMap.java:74)
	at io.netty.util.concurrent.FastThreadLocalRunnable.run(FastThreadLocalRunnable.java:30)
	at java.base/java.lang.Thread.run(Thread.java:833)

Starting ChromeDriver 108.0.5359.71 (1e0e3868ee06e91ad636a874420e3ca3ae3756ac-refs/branch-heads/5359@{#1016}) on port 39385
Only local connections are allowed.
Please see https://chromedriver.chromium.org/security-considerations for suggestions on keeping ChromeDriver safe.
ChromeDriver was started successfully.
Dec 14, 2022 8:43:39 AM org.openqa.selenium.devtools.CdpVersionFinder findNearestMatch
WARNING: Unable to find an exact match for CDP version 108, so returning the closest version found: 106
]]></system-err>
  </testcase>
  <testcase name="VerifyValidUserLogin" classname="com.Restaurant.Testcases.VerifyUserLoginTest" time="7.564">
    <system-out><![CDATA[2022-12-14 08:44:04 INFO  Log:13 - =====================================VerifyValidUserLogin TEST START=========================================
Successfully Found element 
The element is Displayed
Successfully entered value
Successfully entered value
Able to click on "Login button"
Successfully Found element 
The element is Displayed
2022-12-14 08:44:09 INFO  Log:18 - =====================================VerifyValidUserLogin TEST END=========================================
Able to click on "Menu button"
Able to click on "Logout button"
]]></system-out>
    <system-err><![CDATA[Dec 14, 2022 8:43:53 AM org.openqa.selenium.remote.http.WebSocket$Listener onError
WARNING: Connection reset
java.net.SocketException: Connection reset
	at java.base/sun.nio.ch.SocketChannelImpl.throwConnectionReset(SocketChannelImpl.java:394)
	at java.base/sun.nio.ch.SocketChannelImpl.read(SocketChannelImpl.java:426)
	at io.netty.buffer.PooledByteBuf.setBytes(PooledByteBuf.java:259)
	at io.netty.buffer.AbstractByteBuf.writeBytes(AbstractByteBuf.java:1132)
	at io.netty.channel.socket.nio.NioSocketChannel.doReadBytes(NioSocketChannel.java:357)
	at io.netty.channel.nio.AbstractNioByteChannel$NioByteUnsafe.read(AbstractNioByteChannel.java:151)
	at io.netty.channel.nio.NioEventLoop.processSelectedKey(NioEventLoop.java:788)
	at io.netty.channel.nio.NioEventLoop.processSelectedKeysOptimized(NioEventLoop.java:724)
	at io.netty.channel.nio.NioEventLoop.processSelectedKeys(NioEventLoop.java:650)
	at io.netty.channel.nio.NioEventLoop.run(NioEventLoop.java:562)
	at io.netty.util.concurrent.SingleThreadEventExecutor$4.run(SingleThreadEventExecutor.java:997)
	at io.netty.util.internal.ThreadExecutorMap$2.run(ThreadExecutorMap.java:74)
	at io.netty.util.concurrent.FastThreadLocalRunnable.run(FastThreadLocalRunnable.java:30)
	at java.base/java.lang.Thread.run(Thread.java:833)

Starting ChromeDriver 108.0.5359.71 (1e0e3868ee06e91ad636a874420e3ca3ae3756ac-refs/branch-heads/5359@{#1016}) on port 30990
Only local connections are allowed.
Please see https://chromedriver.chromium.org/security-considerations for suggestions on keeping ChromeDriver safe.
ChromeDriver was started successfully.
Dec 14, 2022 8:43:55 AM org.openqa.selenium.devtools.CdpVersionFinder findNearestMatch
WARNING: Unable to find an exact match for CDP version 108, so returning the closest version found: 106
]]></system-err>
  </testcase>
</testsuite>